<?xml version="1.0" encoding="UTF-8"?>
<!-- Generated by org.testng.reporters.JUnitXMLReporter -->
<testsuite hostname="5CG1265QHJ" ignored="0" name="Surefire test" tests="3" failures="0" timestamp="2022-03-03T17:50:42 IST" time="0.121" errors="0">
  <testcase name="appTest" time="0.016" classname="SeleniumMaven.AppTest"/>
  <testcase name="restapiTest" time="0.001" classname="SeleniumMaven.RESTAPITest"/>
  <testcase name="browserAutomaiton" time="0.0" classname="SeleniumMaven.SeleniumTest"/>
</testsuite> <!-- Surefire test -->
