<?xml version="1.0" encoding="UTF-8"?>
<!-- Generated by org.testng.reporters.JUnitXMLReporter -->
<testsuite ignored="0" hostname="5CG1265QHJ" failures="0" tests="3" name="Test" time="0.063" errors="0" timestamp="2022-03-03T17:49:27 IST">
  <testcase classname="SeleniumMaven.AppTest" name="appTest" time="0.009"/>
  <testcase classname="SeleniumMaven.SeleniumTest" name="browserAutomaiton" time="0.002"/>
  <testcase classname="SeleniumMaven.RESTAPITest" name="restapiTest" time="0.001"/>
</testsuite> <!-- Test -->
