<?xml version="1.0" encoding="UTF-8"?>
<testng-results skipped="0" failed="0" ignored="0" total="3" passed="3">
  <reporter-output>
  </reporter-output>
  <suite name="Surefire suite" duration-ms="121" started-at="2022-03-03T17:50:42 IST" finished-at="2022-03-03T17:50:42 IST">
    <groups>
    </groups>
    <test name="Surefire test" duration-ms="121" started-at="2022-03-03T17:50:42 IST" finished-at="2022-03-03T17:50:42 IST">
      <class name="SeleniumMaven.SeleniumTest">
        <test-method status="PASS" signature="browserAutomaiton()[pri:0, instance:SeleniumMaven.SeleniumTest@48503868]" name="browserAutomaiton" duration-ms="0" started-at="2022-03-03T17:50:42 IST" finished-at="2022-03-03T17:50:42 IST">
          <reporter-output>
          </reporter-output>
        </test-method> <!-- browserAutomaiton -->
      </class> <!-- SeleniumMaven.SeleniumTest -->
      <class name="SeleniumMaven.AppTest">
        <test-method status="PASS" signature="appTest()[pri:0, instance:SeleniumMaven.AppTest@1c3a4799]" name="appTest" duration-ms="16" started-at="2022-03-03T17:50:42 IST" finished-at="2022-03-03T17:50:42 IST">
          <reporter-output>
          </reporter-output>
        </test-method> <!-- appTest -->
      </class> <!-- SeleniumMaven.AppTest -->
      <class name="SeleniumMaven.RESTAPITest">
        <test-method status="PASS" signature="restapiTest()[pri:0, instance:SeleniumMaven.RESTAPITest@10bbd20a]" name="restapiTest" duration-ms="1" started-at="2022-03-03T17:50:42 IST" finished-at="2022-03-03T17:50:42 IST">
          <reporter-output>
          </reporter-output>
        </test-method> <!-- restapiTest -->
      </class> <!-- SeleniumMaven.RESTAPITest -->
    </test> <!-- Surefire test -->
  </suite> <!-- Surefire suite -->
</testng-results>
