<?xml version="1.0" encoding="UTF-8"?>
<testng-results ignored="0" total="3" passed="3" failed="0" skipped="0">
  <reporter-output>
  </reporter-output>
  <suite started-at="2022-03-03T17:49:27 IST" name="Suite" finished-at="2022-03-03T17:49:27 IST" duration-ms="63">
    <groups>
    </groups>
    <test started-at="2022-03-03T17:49:27 IST" name="Test" finished-at="2022-03-03T17:49:27 IST" duration-ms="63">
      <class name="SeleniumMaven.SeleniumTest">
        <test-method signature="browserAutomaiton()[pri:0, instance:SeleniumMaven.SeleniumTest@5b03b9fe]" started-at="2022-03-03T17:49:27 IST" name="browserAutomaiton" finished-at="2022-03-03T17:49:27 IST" duration-ms="2" status="PASS">
          <reporter-output>
          </reporter-output>
        </test-method> <!-- browserAutomaiton -->
      </class> <!-- SeleniumMaven.SeleniumTest -->
      <class name="SeleniumMaven.AppTest">
        <test-method signature="appTest()[pri:0, instance:SeleniumMaven.AppTest@58695725]" started-at="2022-03-03T17:49:27 IST" name="appTest" finished-at="2022-03-03T17:49:27 IST" duration-ms="9" status="PASS">
          <reporter-output>
          </reporter-output>
        </test-method> <!-- appTest -->
      </class> <!-- SeleniumMaven.AppTest -->
      <class name="SeleniumMaven.RESTAPITest">
        <test-method signature="restapiTest()[pri:0, instance:SeleniumMaven.RESTAPITest@37d4349f]" started-at="2022-03-03T17:49:27 IST" name="restapiTest" finished-at="2022-03-03T17:49:27 IST" duration-ms="1" status="PASS">
          <reporter-output>
          </reporter-output>
        </test-method> <!-- restapiTest -->
      </class> <!-- SeleniumMaven.RESTAPITest -->
    </test> <!-- Test -->
  </suite> <!-- Suite -->
</testng-results>
